<?xml version="1.0" encoding="UTF-8"?>
<testng-results ignored="0" total="1" passed="1" failed="0" skipped="0">
  <reporter-output>
  </reporter-output>
  <suite started-at="2023-10-06T17:09:02 IST" name="Default suite" finished-at="2023-10-06T17:10:11 IST" duration-ms="68600">
    <groups>
      <group name="cucumber">
        <method signature="AbstractTestNGCucumberTests.runScenario(io.cucumber.testng.PickleWrapper,io.cucumber.testng.FeatureWrapper)[pri:0, instance:cucumberoptions.TestNgTestRunner@24aed80c]" name="runScenario" class="io.cucumber.testng.AbstractTestNGCucumberTests"/>
      </group> <!-- cucumber -->
    </groups>
    <test started-at="2023-10-06T17:09:02 IST" name="Default test" finished-at="2023-10-06T17:10:11 IST" duration-ms="68600">
      <class name="cucumberoptions.TestNgTestRunner">
        <test-method is-config="true" signature="setUpClass(org.testng.ITestContext)[pri:0, instance:cucumberoptions.TestNgTestRunner@24aed80c]" started-at="2023-10-06T17:09:02 IST" name="setUpClass" finished-at="2023-10-06T17:09:04 IST" duration-ms="1365" status="PASS">
          <params>
            <param index="0">
              <value>
                <![CDATA[org.testng.TestRunner@2b7facc7]]>
              </value>
            </param>
          </params>
          <reporter-output>
          </reporter-output>
        </test-method> <!-- setUpClass -->
        <test-method signature="runScenario(io.cucumber.testng.PickleWrapper,io.cucumber.testng.FeatureWrapper)[pri:0, instance:cucumberoptions.TestNgTestRunner@24aed80c]" started-at="2023-10-06T17:09:04 IST" name="runScenario" description="Runs Cucumber Scenarios" data-provider="scenarios" finished-at="2023-10-06T17:10:10 IST" duration-ms="66481" status="PASS">
          <params>
            <param index="0">
              <value>
                <![CDATA["verify user should able to create a new Voice Broadcasting Campaign"]]>
              </value>
            </param>
            <param index="1">
              <value>
                <![CDATA["Create Voice Broadcasting Campaign"]]>
              </value>
            </param>
          </params>
          <reporter-output>
          </reporter-output>
        </test-method> <!-- runScenario -->
        <test-method is-config="true" signature="tearDownClass()[pri:0, instance:cucumberoptions.TestNgTestRunner@24aed80c]" started-at="2023-10-06T17:10:10 IST" name="tearDownClass" finished-at="2023-10-06T17:10:11 IST" duration-ms="657" status="PASS">
          <reporter-output>
          </reporter-output>
        </test-method> <!-- tearDownClass -->
      </class> <!-- cucumberoptions.TestNgTestRunner -->
    </test> <!-- Default test -->
  </suite> <!-- Default suite -->
</testng-results>
